Thu May 21 08:05:33 PDT 2015  [debug] AvalonLogSystem initialized using logfile 'velocity.log'
Thu May 21 08:05:33 PDT 2015   [info] ************************************************************** 
Thu May 21 08:05:33 PDT 2015   [info] Starting Jakarta Velocity v1.4
Thu May 21 08:05:33 PDT 2015   [info] RuntimeInstance initializing.
Thu May 21 08:05:33 PDT 2015   [info] Default Properties File: org/apache/velocity/runtime/defaults/velocity.properties
Thu May 21 08:05:33 PDT 2015   [info] Trying to use logger class org.apache.velocity.runtime.log.AvalonLogSystem
Thu May 21 08:05:33 PDT 2015   [info] Using logger class org.apache.velocity.runtime.log.AvalonLogSystem
Thu May 21 08:05:33 PDT 2015   [info] Default ResourceManager initializing. (class org.apache.velocity.runtime.resource.ResourceManagerImpl)
Thu May 21 08:05:33 PDT 2015   [info] Resource Loader Instantiated: org.apache.velocity.runtime.resource.loader.JarResourceLoader
Thu May 21 08:05:33 PDT 2015   [info] JarResourceLoader : initialization starting.
Thu May 21 08:05:33 PDT 2015   [info] JarResourceLoader # of paths : 1
Thu May 21 08:05:33 PDT 2015   [info] JarResourceLoader : trying to load: jar:file:/Users/rnagulapalle/.m2/repository/org/codehaus/mojo/webstart-maven-plugin/1.0-beta-6/webstart-maven-plugin-1.0-beta-6.jar!/
Thu May 21 08:05:33 PDT 2015   [info]   JarHolder : attempting to connect to jar:file:/Users/rnagulapalle/.m2/repository/org/codehaus/mojo/webstart-maven-plugin/1.0-beta-6/webstart-maven-plugin-1.0-beta-6.jar!/
Thu May 21 08:05:33 PDT 2015   [info]   JarHolder : initialized JAR: jar:file:/Users/rnagulapalle/.m2/repository/org/codehaus/mojo/webstart-maven-plugin/1.0-beta-6/webstart-maven-plugin-1.0-beta-6.jar!/
Thu May 21 08:05:33 PDT 2015   [info] JarResourceLoader : initialization complete.
Thu May 21 08:05:33 PDT 2015   [info] ResourceCache : initialized. (class org.apache.velocity.runtime.resource.ResourceCacheImpl)
Thu May 21 08:05:33 PDT 2015   [info] Default ResourceManager initialization complete.
Thu May 21 08:05:33 PDT 2015   [info] Loaded System Directive: org.apache.velocity.runtime.directive.Literal
Thu May 21 08:05:33 PDT 2015   [info] Loaded System Directive: org.apache.velocity.runtime.directive.Macro
Thu May 21 08:05:33 PDT 2015   [info] Loaded System Directive: org.apache.velocity.runtime.directive.Parse
Thu May 21 08:05:33 PDT 2015   [info] Loaded System Directive: org.apache.velocity.runtime.directive.Include
Thu May 21 08:05:33 PDT 2015   [info] Loaded System Directive: org.apache.velocity.runtime.directive.Foreach
Thu May 21 08:05:33 PDT 2015   [info] Created: 20 parsers.
Thu May 21 08:05:33 PDT 2015   [info] Velocimacro : initialization starting.
Thu May 21 08:05:33 PDT 2015   [info] Velocimacro : adding VMs from VM library template : VM_global_library.vm
Thu May 21 08:05:33 PDT 2015  [error] ResourceManager : unable to find resource 'VM_global_library.vm' in any resource loader.
Thu May 21 08:05:33 PDT 2015   [info] Velocimacro : error using  VM library template VM_global_library.vm : org.apache.velocity.exception.ResourceNotFoundException: Unable to find resource 'VM_global_library.vm'
Thu May 21 08:05:33 PDT 2015   [info] Velocimacro :  VM library template macro registration complete.
Thu May 21 08:05:33 PDT 2015   [info] Velocimacro : allowInline = true : VMs can be defined inline in templates
Thu May 21 08:05:33 PDT 2015   [info] Velocimacro : allowInlineToOverride = false : VMs defined inline may NOT replace previous VM definitions
Thu May 21 08:05:33 PDT 2015   [info] Velocimacro : allowInlineLocal = false : VMs defined inline will be  global in scope if allowed.
Thu May 21 08:05:33 PDT 2015   [info] Velocimacro : messages on  : VM system will output logging messages
Thu May 21 08:05:33 PDT 2015   [info] Velocimacro : autoload off  : VM system will not automatically reload global library macros
Thu May 21 08:05:33 PDT 2015   [info] Velocimacro : initialization complete.
Thu May 21 08:05:33 PDT 2015   [info] Velocity successfully started.
Thu May 21 08:05:33 PDT 2015   [info] ResourceManager : found default-jnlp-template.vm with loader org.apache.velocity.runtime.resource.loader.JarResourceLoader
